{"C:\\Users\\israe\\Desktop\\server\\src\\router.ts": {"path":"C:\\Users\\israe\\Desktop\\server\\src\\router.ts","statementMap":{"0":{"start":{"line":1,"column":0},"end":{"line":1,"column":33}},"1":{"start":{"line":2,"column":0},"end":{"line":2,"column":137}},"2":{"start":{"line":3,"column":0},"end":{"line":3,"column":48}},"3":{"start":{"line":4,"column":0},"end":{"line":4,"column":50}},"4":{"start":{"line":7,"column":15},"end":{"line":7,"column":23}},"5":{"start":{"line":9,"column":0},"end":{"line":20,"column":2}},"6":{"start":{"line":12,"column":25},"end":{"line":12,"column":37}},"7":{"start":{"line":17,"column":25},"end":{"line":17,"column":34}},"8":{"start":{"line":22,"column":0},"end":{"line":22,"column":29}},"9":{"start":{"line":24,"column":0},"end":{"line":29,"column":null}},"10":{"start":{"line":31,"column":0},"end":{"line":50,"column":2}},"11":{"start":{"line":36,"column":25},"end":{"line":36,"column":37}},"12":{"start":{"line":41,"column":25},"end":{"line":41,"column":34}},"13":{"start":{"line":52,"column":0},"end":{"line":56,"column":2}},"14":{"start":{"line":58,"column":0},"end":{"line":62,"column":2}},"15":{"start":{"line":68,"column":0},"end":{"line":68,"column":22}}},"fnMap":{"0":{"name":"(anonymous_1)","decl":{"start":{"line":12,"column":16},"end":{"line":12,"column":21}},"loc":{"start":{"line":12,"column":25},"end":{"line":12,"column":37}}},"1":{"name":"(anonymous_2)","decl":{"start":{"line":17,"column":16},"end":{"line":17,"column":21}},"loc":{"start":{"line":17,"column":25},"end":{"line":17,"column":34}}},"2":{"name":"(anonymous_3)","decl":{"start":{"line":36,"column":16},"end":{"line":36,"column":21}},"loc":{"start":{"line":36,"column":25},"end":{"line":36,"column":37}}},"3":{"name":"(anonymous_4)","decl":{"start":{"line":41,"column":16},"end":{"line":41,"column":21}},"loc":{"start":{"line":41,"column":25},"end":{"line":41,"column":34}}}},"branchMap":{},"s":{"0":2,"1":2,"2":2,"3":2,"4":2,"5":2,"6":4,"7":4,"8":2,"9":2,"10":2,"11":6,"12":6,"13":2,"14":2,"15":2},"f":{"0":4,"1":4,"2":6,"3":6},"b":{}}
,"C:\\Users\\israe\\Desktop\\server\\src\\server.ts": {"path":"C:\\Users\\israe\\Desktop\\server\\src\\server.ts","statementMap":{"0":{"start":{"line":1,"column":0},"end":{"line":1,"column":30}},"1":{"start":{"line":2,"column":0},"end":{"line":2,"column":30}},"2":{"start":{"line":3,"column":0},"end":{"line":3,"column":29}},"3":{"start":{"line":5,"column":15},"end":{"line":5,"column":24}},"4":{"start":{"line":7,"column":0},"end":{"line":7,"column":null}},"5":{"start":{"line":11,"column":28},"end":{"line":21,"column":1}},"6":{"start":{"line":13,"column":4},"end":{"line":20,"column":5}},"7":{"start":{"line":14,"column":8},"end":{"line":14,"column":null}},"8":{"start":{"line":15,"column":8},"end":{"line":15,"column":18}},"9":{"start":{"line":16,"column":8},"end":{"line":16,"column":38}},"10":{"start":{"line":19,"column":8},"end":{"line":19,"column":null}},"11":{"start":{"line":11,"column":13},"end":{"line":11,"column":28}},"12":{"start":{"line":23,"column":0},"end":{"line":23,"column":null}},"13":{"start":{"line":26,"column":0},"end":{"line":26,"column":null}},"14":{"start":{"line":29,"column":0},"end":{"line":29,"column":22}}},"fnMap":{"0":{"name":"(anonymous_1)","decl":{"start":{"line":11,"column":28},"end":{"line":11,"column":33}},"loc":{"start":{"line":11,"column":39},"end":{"line":21,"column":1}}}},"branchMap":{},"s":{"0":2,"1":2,"2":2,"3":2,"4":2,"5":2,"6":3,"7":3,"8":2,"9":2,"10":1,"11":2,"12":2,"13":2,"14":2},"f":{"0":3},"b":{}}
,"C:\\Users\\israe\\Desktop\\server\\src\\config\\db.ts": {"path":"C:\\Users\\israe\\Desktop\\server\\src\\config\\db.ts","statementMap":{"0":{"start":{"line":1,"column":0},"end":{"line":1,"column":49}},"1":{"start":{"line":2,"column":0},"end":{"line":2,"column":28}},"2":{"start":{"line":3,"column":0},"end":{"line":3,"column":null}},"3":{"start":{"line":5,"column":11},"end":{"line":8,"column":2}},"4":{"start":{"line":11,"column":0},"end":{"line":11,"column":18}}},"fnMap":{},"branchMap":{},"s":{"0":2,"1":2,"2":2,"3":2,"4":2},"f":{},"b":{}}
,"C:\\Users\\israe\\Desktop\\server\\src\\handlers\\products-handlers.ts": {"path":"C:\\Users\\israe\\Desktop\\server\\src\\handlers\\products-handlers.ts","statementMap":{"0":{"start":{"line":2,"column":0},"end":{"line":2,"column":41}},"1":{"start":{"line":5,"column":22},"end":{"line":11,"column":1}},"2":{"start":{"line":7,"column":20},"end":{"line":7,"column":51}},"3":{"start":{"line":9,"column":4},"end":{"line":9,"column":null}},"4":{"start":{"line":92,"column":4},"end":{"line":92,"column":17}},"5":{"start":{"line":13,"column":20},"end":{"line":19,"column":1}},"6":{"start":{"line":15,"column":21},"end":{"line":15,"column":45}},"7":{"start":{"line":17,"column":4},"end":{"line":17,"column":null}},"8":{"start":{"line":93,"column":4},"end":{"line":93,"column":15}},"9":{"start":{"line":21,"column":23},"end":{"line":33,"column":1}},"10":{"start":{"line":23,"column":19},"end":{"line":23,"column":29}},"11":{"start":{"line":25,"column":20},"end":{"line":25,"column":47}},"12":{"start":{"line":27,"column":4},"end":{"line":30,"column":5}},"13":{"start":{"line":28,"column":8},"end":{"line":28,"column":null}},"14":{"start":{"line":29,"column":8},"end":{"line":29,"column":15}},"15":{"start":{"line":32,"column":4},"end":{"line":32,"column":null}},"16":{"start":{"line":94,"column":4},"end":{"line":94,"column":18}},"17":{"start":{"line":35,"column":22},"end":{"line":50,"column":1}},"18":{"start":{"line":37,"column":19},"end":{"line":37,"column":29}},"19":{"start":{"line":39,"column":20},"end":{"line":39,"column":47}},"20":{"start":{"line":41,"column":4},"end":{"line":44,"column":5}},"21":{"start":{"line":42,"column":8},"end":{"line":42,"column":null}},"22":{"start":{"line":43,"column":8},"end":{"line":43,"column":15}},"23":{"start":{"line":46,"column":4},"end":{"line":46,"column":null}},"24":{"start":{"line":47,"column":4},"end":{"line":47,"column":null}},"25":{"start":{"line":49,"column":4},"end":{"line":49,"column":null}},"26":{"start":{"line":95,"column":4},"end":{"line":95,"column":17}},"27":{"start":{"line":53,"column":24},"end":{"line":68,"column":1}},"28":{"start":{"line":55,"column":19},"end":{"line":55,"column":29}},"29":{"start":{"line":57,"column":20},"end":{"line":57,"column":47}},"30":{"start":{"line":59,"column":4},"end":{"line":62,"column":5}},"31":{"start":{"line":60,"column":8},"end":{"line":60,"column":null}},"32":{"start":{"line":61,"column":8},"end":{"line":61,"column":15}},"33":{"start":{"line":64,"column":4},"end":{"line":64,"column":54}},"34":{"start":{"line":65,"column":4},"end":{"line":65,"column":25}},"35":{"start":{"line":67,"column":4},"end":{"line":67,"column":null}},"36":{"start":{"line":96,"column":4},"end":{"line":96,"column":19}},"37":{"start":{"line":71,"column":22},"end":{"line":89,"column":1}},"38":{"start":{"line":73,"column":19},"end":{"line":73,"column":29}},"39":{"start":{"line":75,"column":20},"end":{"line":75,"column":47}},"40":{"start":{"line":77,"column":4},"end":{"line":80,"column":5}},"41":{"start":{"line":78,"column":8},"end":{"line":78,"column":null}},"42":{"start":{"line":79,"column":8},"end":{"line":79,"column":15}},"43":{"start":{"line":82,"column":4},"end":{"line":82,"column":28}},"44":{"start":{"line":84,"column":4},"end":{"line":84,"column":null}},"45":{"start":{"line":97,"column":4},"end":{"line":97,"column":17}}},"fnMap":{"0":{"name":"(anonymous_1)","decl":{"start":{"line":5,"column":22},"end":{"line":5,"column":27}},"loc":{"start":{"line":5,"column":60},"end":{"line":11,"column":1}}},"1":{"name":"(anonymous_2)","decl":{"start":{"line":13,"column":20},"end":{"line":13,"column":25}},"loc":{"start":{"line":13,"column":58},"end":{"line":19,"column":1}}},"2":{"name":"(anonymous_3)","decl":{"start":{"line":21,"column":23},"end":{"line":21,"column":28}},"loc":{"start":{"line":21,"column":61},"end":{"line":33,"column":1}}},"3":{"name":"(anonymous_4)","decl":{"start":{"line":35,"column":22},"end":{"line":35,"column":27}},"loc":{"start":{"line":35,"column":60},"end":{"line":50,"column":1}}},"4":{"name":"(anonymous_5)","decl":{"start":{"line":53,"column":24},"end":{"line":53,"column":29}},"loc":{"start":{"line":53,"column":62},"end":{"line":68,"column":1}}},"5":{"name":"(anonymous_6)","decl":{"start":{"line":71,"column":22},"end":{"line":71,"column":27}},"loc":{"start":{"line":71,"column":60},"end":{"line":89,"column":1}}}},"branchMap":{"0":{"loc":{"start":{"line":27,"column":4},"end":{"line":30,"column":5}},"type":"if","locations":[{"start":{"line":27,"column":4},"end":{"line":30,"column":5}},{"start":{},"end":{}}]},"1":{"loc":{"start":{"line":41,"column":4},"end":{"line":44,"column":5}},"type":"if","locations":[{"start":{"line":41,"column":4},"end":{"line":44,"column":5}},{"start":{},"end":{}}]},"2":{"loc":{"start":{"line":59,"column":4},"end":{"line":62,"column":5}},"type":"if","locations":[{"start":{"line":59,"column":4},"end":{"line":62,"column":5}},{"start":{},"end":{}}]},"3":{"loc":{"start":{"line":77,"column":4},"end":{"line":80,"column":5}},"type":"if","locations":[{"start":{"line":77,"column":4},"end":{"line":80,"column":5}},{"start":{},"end":{}}]}},"s":{"0":2,"1":2,"2":1,"3":1,"4":2,"5":2,"6":1,"7":1,"8":2,"9":2,"10":2,"11":2,"12":2,"13":1,"14":1,"15":1,"16":2,"17":2,"18":2,"19":2,"20":2,"21":1,"22":1,"23":1,"24":1,"25":1,"26":2,"27":2,"28":2,"29":2,"30":2,"31":1,"32":1,"33":1,"34":1,"35":1,"36":2,"37":2,"38":2,"39":2,"40":2,"41":1,"42":1,"43":1,"44":1,"45":2},"f":{"0":1,"1":1,"2":2,"3":2,"4":2,"5":2},"b":{"0":[1,1],"1":[1,1],"2":[1,1],"3":[1,1]}}
,"C:\\Users\\israe\\Desktop\\server\\src\\middlewares\\ShowErrors.ts": {"path":"C:\\Users\\israe\\Desktop\\server\\src\\middlewares\\ShowErrors.ts","statementMap":{"0":{"start":{"line":2,"column":0},"end":{"line":2,"column":53}},"1":{"start":{"line":4,"column":19},"end":{"line":15,"column":1}},"2":{"start":{"line":6,"column":23},"end":{"line":6,"column":44}},"3":{"start":{"line":8,"column":4},"end":{"line":11,"column":5}},"4":{"start":{"line":9,"column":8},"end":{"line":9,"column":null}},"5":{"start":{"line":10,"column":8},"end":{"line":10,"column":15}},"6":{"start":{"line":12,"column":4},"end":{"line":12,"column":null}},"7":{"start":{"line":17,"column":0},"end":{"line":17,"column":26}}},"fnMap":{"0":{"name":"(anonymous_0)","decl":{"start":{"line":4,"column":19},"end":{"line":4,"column":20}},"loc":{"start":{"line":4,"column":71},"end":{"line":15,"column":1}}}},"branchMap":{"0":{"loc":{"start":{"line":8,"column":4},"end":{"line":11,"column":5}},"type":"if","locations":[{"start":{"line":8,"column":4},"end":{"line":11,"column":5}},{"start":{},"end":{}}]}},"s":{"0":2,"1":2,"2":19,"3":19,"4":10,"5":10,"6":9,"7":2},"f":{"0":19},"b":{"0":[10,9]}}
,"C:\\Users\\israe\\Desktop\\server\\src\\models\\Products.ts": {"path":"C:\\Users\\israe\\Desktop\\server\\src\\models\\Products.ts","statementMap":{"0":{"start":{"line":1,"column":0},"end":{"line":1,"column":79}},"1":{"start":{"line":7,"column":0},"end":{"line":23,"column":null}},"2":{"start":{"line":11,"column":12},"end":{"line":11,"column":null}},"3":{"start":{"line":16,"column":12},"end":{"line":16,"column":null}},"4":{"start":{"line":22,"column":12},"end":{"line":22,"column":null}},"5":{"start":{"line":7,"column":6},"end":{"line":23,"column":null}},"6":{"start":{"line":25,"column":0},"end":{"line":25,"column":24}}},"fnMap":{},"branchMap":{},"s":{"0":3,"1":3,"2":3,"3":3,"4":3,"5":3,"6":3},"f":{},"b":{}}
}
