TN:
SF:src\router.ts
FN:12,(anonymous_1)
FN:17,(anonymous_2)
FN:36,(anonymous_3)
FN:41,(anonymous_4)
FNF:4
FNH:4
FNDA:4,(anonymous_1)
FNDA:4,(anonymous_2)
FNDA:6,(anonymous_3)
FNDA:6,(anonymous_4)
DA:1,2
DA:2,2
DA:3,2
DA:4,2
DA:7,2
DA:9,2
DA:12,4
DA:17,4
DA:22,2
DA:24,2
DA:31,2
DA:36,6
DA:41,6
DA:52,2
DA:58,2
DA:68,2
LF:16
LH:16
BRF:0
BRH:0
end_of_record
TN:
SF:src\server.ts
FN:11,(anonymous_1)
FNF:1
FNH:1
FNDA:3,(anonymous_1)
DA:1,2
DA:2,2
DA:3,2
DA:5,2
DA:7,2
DA:11,2
DA:13,3
DA:14,3
DA:15,2
DA:16,2
DA:19,1
DA:23,2
DA:26,2
DA:29,2
LF:14
LH:14
BRF:0
BRH:0
end_of_record
TN:
SF:src\config\db.ts
FNF:0
FNH:0
DA:1,2
DA:2,2
DA:3,2
DA:5,2
DA:11,2
LF:5
LH:5
BRF:0
BRH:0
end_of_record
TN:
SF:src\handlers\products-handlers.ts
FN:5,(anonymous_1)
FN:13,(anonymous_2)
FN:21,(anonymous_3)
FN:35,(anonymous_4)
FN:53,(anonymous_5)
FN:71,(anonymous_6)
FNF:6
FNH:6
FNDA:1,(anonymous_1)
FNDA:1,(anonymous_2)
FNDA:2,(anonymous_3)
FNDA:2,(anonymous_4)
FNDA:2,(anonymous_5)
FNDA:2,(anonymous_6)
DA:2,2
DA:5,2
DA:7,1
DA:9,1
DA:13,2
DA:15,1
DA:17,1
DA:21,2
DA:23,2
DA:25,2
DA:27,2
DA:28,1
DA:29,1
DA:32,1
DA:35,2
DA:37,2
DA:39,2
DA:41,2
DA:42,1
DA:43,1
DA:46,1
DA:47,1
DA:49,1
DA:53,2
DA:55,2
DA:57,2
DA:59,2
DA:60,1
DA:61,1
DA:64,1
DA:65,1
DA:67,1
DA:71,2
DA:73,2
DA:75,2
DA:77,2
DA:78,1
DA:79,1
DA:82,1
DA:84,1
DA:92,2
DA:93,2
DA:94,2
DA:95,2
DA:96,2
DA:97,2
LF:46
LH:46
BRDA:27,0,0,1
BRDA:27,0,1,1
BRDA:41,1,0,1
BRDA:41,1,1,1
BRDA:59,2,0,1
BRDA:59,2,1,1
BRDA:77,3,0,1
BRDA:77,3,1,1
BRF:8
BRH:8
end_of_record
TN:
SF:src\middlewares\ShowErrors.ts
FN:4,(anonymous_0)
FNF:1
FNH:1
FNDA:19,(anonymous_0)
DA:2,2
DA:4,2
DA:6,19
DA:8,19
DA:9,10
DA:10,10
DA:12,9
DA:17,2
LF:8
LH:8
BRDA:8,0,0,10
BRDA:8,0,1,9
BRF:2
BRH:2
end_of_record
TN:
SF:src\models\Products.ts
FNF:0
FNH:0
DA:1,3
DA:7,3
DA:11,3
DA:16,3
DA:22,3
DA:25,3
LF:6
LH:6
BRF:0
BRH:0
end_of_record
